# JRE version: Java(TM) SE Runtime Environment (8.0_162-b12) (build 1.8.0_162-b12)
# Java VM: Java HotSpot(TM) 64-Bit Server VM (25.162-b12 mixed mode windows-amd64 compressed oops)
Heap:
 PSYoungGen      total 55296K, used 18870K [0x00000000f0380000, 0x00000000f3f80000, 0x0000000100000000)
  eden space 49152K, 28% used [0x00000000f0380000,0x00000000f1125e48,0x00000000f3380000)
  from space 6144K, 79% used [0x00000000f3980000,0x00000000f3e47cb8,0x00000000f3f80000)
  to   space 6144K, 0% used [0x00000000f3380000,0x00000000f3380000,0x00000000f3980000)
 ParOldGen       total 32768K, used 9730K [0x00000000d0a00000, 0x00000000d2a00000, 0x00000000f0380000)
  object space 32768K, 29% used [0x00000000d0a00000,0x00000000d13808a8,0x00000000d2a00000)
 Metaspace       used 20309K, capacity 20690K, committed 20992K, reserved 1067008K
  class space    used 2396K, capacity 2535K, committed 2560K, reserved 1048576K
GC Heap History (10 events):
Event: 1.672 GC heap before
{Heap before GC invocations=2 (full 0):
 PSYoungGen      total 14336K, used 14311K [0x00000000f0380000, 0x00000000f1380000, 0x0000000100000000)
  eden space 12288K, 100% used [0x00000000f0380000,0x00000000f0f80000,0x00000000f0f80000)
  from space 2048K, 98% used [0x00000000f0f80000,0x00000000f1179de0,0x00000000f1180000)
  to   space 2048K, 0% used [0x00000000f1180000,0x00000000f1180000,0x00000000f1380000)
 ParOldGen       total 32768K, used 835K [0x00000000d0a00000, 0x00000000d2a00000, 0x00000000f0380000)
  object space 32768K, 2% used [0x00000000d0a00000,0x00000000d0ad0ce0,0x00000000d2a00000)
 Metaspace       used 8592K, capacity 8808K, committed 9088K, reserved 1056768K
  class space    used 1036K, capacity 1084K, committed 1152K, reserved 1048576K
Event: 1.678 GC heap after
Heap after GC invocations=2 (full 0):
 PSYoungGen      total 14336K, used 2036K [0x00000000f0380000, 0x00000000f1f80000, 0x0000000100000000)
  eden space 12288K, 0% used [0x00000000f0380000,0x00000000f0380000,0x00000000f0f80000)
  from space 2048K, 99% used [0x00000000f1180000,0x00000000f137d240,0x00000000f1380000)
  to   space 2048K, 0% used [0x00000000f0f80000,0x00000000f0f80000,0x00000000f1180000)
 ParOldGen       total 32768K, used 2552K [0x00000000d0a00000, 0x00000000d2a00000, 0x00000000f0380000)
  object space 32768K, 7% used [0x00000000d0a00000,0x00000000d0c7e158,0x00000000d2a00000)
 Metaspace       used 8592K, capacity 8808K, committed 9088K, reserved 1056768K
  class space    used 1036K, capacity 1084K, committed 1152K, reserved 1048576K
}
Event: 1.887 GC heap before
{Heap before GC invocations=3 (full 0):
 PSYoungGen      total 14336K, used 14324K [0x00000000f0380000, 0x00000000f1f80000, 0x0000000100000000)
  eden space 12288K, 100% used [0x00000000f0380000,0x00000000f0f80000,0x00000000f0f80000)
  from space 2048K, 99% used [0x00000000f1180000,0x00000000f137d240,0x00000000f1380000)
  to   space 2048K, 0% used [0x00000000f0f80000,0x00000000f0f80000,0x00000000f1180000)
 ParOldGen       total 32768K, used 2552K [0x00000000d0a00000, 0x00000000d2a00000, 0x00000000f0380000)
  object space 32768K, 7% used [0x00000000d0a00000,0x00000000d0c7e158,0x00000000d2a00000)
 Metaspace       used 9234K, capacity 9352K, committed 9472K, reserved 1056768K
  class space    used 1131K, capacity 1180K, committed 1280K, reserved 1048576K
Event: 1.893 GC heap after
Heap after GC invocations=3 (full 0):
 PSYoungGen      total 14336K, used 2040K [0x00000000f0380000, 0x00000000f1f80000, 0x0000000100000000)
  eden space 12288K, 0% used [0x00000000f0380000,0x00000000f0380000,0x00000000f0f80000)
  from space 2048K, 99% used [0x00000000f0f80000,0x00000000f117e010,0x00000000f1180000)
  to   space 2048K, 0% used [0x00000000f1d80000,0x00000000f1d80000,0x00000000f1f80000)
 ParOldGen       total 32768K, used 3672K [0x00000000d0a00000, 0x00000000d2a00000, 0x00000000f0380000)
  object space 32768K, 11% used [0x00000000d0a00000,0x00000000d0d961d0,0x00000000d2a00000)
 Metaspace       used 9234K, capacity 9352K, committed 9472K, reserved 1056768K
  class space    used 1131K, capacity 1180K, committed 1280K, reserved 1048576K
}
Event: 2.124 GC heap before
{Heap before GC invocations=4 (full 0):
 PSYoungGen      total 14336K, used 14328K [0x00000000f0380000, 0x00000000f1f80000, 0x0000000100000000)
  eden space 12288K, 100% used [0x00000000f0380000,0x00000000f0f80000,0x00000000f0f80000)
  from space 2048K, 99% used [0x00000000f0f80000,0x00000000f117e010,0x00000000f1180000)
  to   space 2048K, 0% used [0x00000000f1d80000,0x00000000f1d80000,0x00000000f1f80000)
 ParOldGen       total 32768K, used 3672K [0x00000000d0a00000, 0x00000000d2a00000, 0x00000000f0380000)
  object space 32768K, 11% used [0x00000000d0a00000,0x00000000d0d961d0,0x00000000d2a00000)
 Metaspace       used 10782K, capacity 10978K, committed 11136K, reserved 1058816K
  class space    used 1317K, capacity 1379K, committed 1408K, reserved 1048576K
Event: 2.129 GC heap after
Heap after GC invocations=4 (full 0):
 PSYoungGen      total 26624K, used 2040K [0x00000000f0380000, 0x00000000f1f80000, 0x0000000100000000)
  eden space 24576K, 0% used [0x00000000f0380000,0x00000000f0380000,0x00000000f1b80000)
  from space 2048K, 99% used [0x00000000f1d80000,0x00000000f1f7e010,0x00000000f1f80000)
  to   space 2048K, 0% used [0x00000000f1b80000,0x00000000f1b80000,0x00000000f1d80000)
 ParOldGen       total 32768K, used 5700K [0x00000000d0a00000, 0x00000000d2a00000, 0x00000000f0380000)
  object space 32768K, 17% used [0x00000000d0a00000,0x00000000d0f91398,0x00000000d2a00000)
 Metaspace       used 10782K, capacity 10978K, committed 11136K, reserved 1058816K
  class space    used 1317K, capacity 1379K, committed 1408K, reserved 1048576K
}
Event: 2.767 GC heap before
{Heap before GC invocations=5 (full 0):
 PSYoungGen      total 26624K, used 26616K [0x00000000f0380000, 0x00000000f1f80000, 0x0000000100000000)
  eden space 24576K, 100% used [0x00000000f0380000,0x00000000f1b80000,0x00000000f1b80000)
  from space 2048K, 99% used [0x00000000f1d80000,0x00000000f1f7e010,0x00000000f1f80000)
  to   space 2048K, 0% used [0x00000000f1b80000,0x00000000f1b80000,0x00000000f1d80000)
 ParOldGen       total 32768K, used 5700K [0x00000000d0a00000, 0x00000000d2a00000, 0x00000000f0380000)
  object space 32768K, 17% used [0x00000000d0a00000,0x00000000d0f91398,0x00000000d2a00000)
 Metaspace       used 13777K, capacity 14038K, committed 14208K, reserved 1060864K
  class space    used 1719K, capacity 1811K, committed 1920K, reserved 1048576K
Event: 2.777 GC heap after
Heap after GC invocations=5 (full 0):
 PSYoungGen      total 26624K, used 2024K [0x00000000f0380000, 0x00000000f3f80000, 0x0000000100000000)
  eden space 24576K, 0% used [0x00000000f0380000,0x00000000f0380000,0x00000000f1b80000)
  from space 2048K, 98% used [0x00000000f1b80000,0x00000000f1d7a020,0x00000000f1d80000)
  to   space 6144K, 0% used [0x00000000f3980000,0x00000000f3980000,0x00000000f3f80000)
 ParOldGen       total 32768K, used 9722K [0x00000000d0a00000, 0x00000000d2a00000, 0x00000000f0380000)
  object space 32768K, 29% used [0x00000000d0a00000,0x00000000d137e8a8,0x00000000d2a00000)
 Metaspace       used 13777K, capacity 14038K, committed 14208K, reserved 1060864K
  class space    used 1719K, capacity 1811K, committed 1920K, reserved 1048576K
}
Event: 3.575 GC heap before
{Heap before GC invocations=6 (full 0):
 PSYoungGen      total 26624K, used 26600K [0x00000000f0380000, 0x00000000f3f80000, 0x0000000100000000)
  eden space 24576K, 100% used [0x00000000f0380000,0x00000000f1b80000,0x00000000f1b80000)
  from space 2048K, 98% used [0x00000000f1b80000,0x00000000f1d7a020,0x00000000f1d80000)
  to   space 6144K, 0% used [0x00000000f3980000,0x00000000f3980000,0x00000000f3f80000)
 ParOldGen       total 32768K, used 9722K [0x00000000d0a00000, 0x00000000d2a00000, 0x00000000f0380000)
  object space 32768K, 29% used [0x00000000d0a00000,0x00000000d137e8a8,0x00000000d2a00000)
 Metaspace       used 15822K, capacity 16128K, committed 16384K, reserved 1062912K
  class space    used 1926K, capacity 2009K, committed 2048K, reserved 1048576K
Event: 3.586 GC heap after
Heap after GC invocations=6 (full 0):
 PSYoungGen      total 55296K, used 4895K [0x00000000f0380000, 0x00000000f3f80000, 0x0000000100000000)
  eden space 49152K, 0% used [0x00000000f0380000,0x00000000f0380000,0x00000000f3380000)
  from space 6144K, 79% used [0x00000000f3980000,0x00000000f3e47cb8,0x00000000f3f80000)
  to   space 6144K, 0% used [0x00000000f3380000,0x00000000f3380000,0x00000000f3980000)
 ParOldGen       total 32768K, used 9730K [0x00000000d0a00000, 0x00000000d2a00000, 0x00000000f0380000)
  object space 32768K, 29% used [0x00000000d0a00000,0x00000000d13808a8,0x00000000d2a00000)
 Metaspace       used 15822K, capacity 16128K, committed 16384K, reserved 1062912K
  class space    used 1926K, capacity 2009K, committed 2048K, reserved 1048576K
}

